{"logLevel":"debug","message":"multithreading is set to false"}
{"logLevel":"debug","message":"Using reflection to scan dependencies for gauge implementations..."}
log4j:WARN No appenders could be found for logger (io.grpc.netty.shaded.io.netty.util.internal.logging.InternalLoggerFactory).
log4j:WARN Please initialize the log4j system properly.
log4j:WARN See http://logging.apache.org/log4j/1.2/faq.html#noconfig for more info.
{"logLevel":"debug","message":"gauge-java took 3000milliseconds to load and scan. This should be less than 'runner_connection_timeout' config value."}
{"logLevel":"debug","message":"run 'gauge config runner_connection_timeout' and verify that it is < 3000"}
{"logLevel":"debug","message":"starting gRPC server..."}
{"logLevel":"debug","message":"started gRPC server on port 50877"}
{"logLevel":"info","message":"Listening on port:50877"}
{"logLevel":"debug","message":"Scanning packages for steps"}
{"logLevel":"debug","message":"Comparing 'org.example.StepImplementation.click' and 'org.example.StepImplementation.click'"}
{"logLevel":"debug","message":"Found {} id'li elemente tikla in current project scope."}
{"logLevel":"debug","message":"Comparing 'org.example.StepImplementation.clickAcceptbutton' and 'org.example.StepImplementation.clickAcceptbutton'"}
{"logLevel":"debug","message":"Found {} id'li element varsa tikla in current project scope."}
{"logLevel":"debug","message":"Comparing 'org.example.StepImplementation.waitForsecond' and 'org.example.StepImplementation.waitForsecond'"}
{"logLevel":"debug","message":"Found {} saniye kadar bekle in current project scope."}
{"logLevel":"debug","message":"Comparing 'org.example.StepImplementation.getTextListId' and 'org.example.StepImplementation.getTextListId'"}
{"logLevel":"debug","message":"Found {} id'li elementin text degeri bir dizine at in current project scope."}
{"logLevel":"debug","message":"Comparing 'org.example.StepImplementation.compareList' and 'org.example.StepImplementation.compareList'"}
{"logLevel":"debug","message":"Found string listenin iki elementinin esit oldugunu kontrol et in current project scope."}
{"logLevel":"debug","message":"Comparing 'org.example.StepImplementation.sendKeys' and 'org.example.StepImplementation.sendKeys'"}
{"logLevel":"debug","message":"Found {} id'li elemente {} text degerini gonder in current project scope."}
{"logLevel":"debug","message":"Comparing 'org.example.StepImplementation.getTextList' and 'org.example.StepImplementation.getTextList'"}
{"logLevel":"debug","message":"Found {} elementin text degeri bir dizine at in current project scope."}
{"logLevel":"debug","message":"Comparing 'org.example.StepImplementation.findByKeyWithSwipe' and 'org.example.StepImplementation.findByKeyWithSwipe'"}
{"logLevel":"debug","message":"Found {} li elementi bulana kadar swipe et in current project scope."}
{"logLevel":"debug","message":"Comparing 'org.example.StepImplementation.gorunurbekleXpath' and 'org.example.StepImplementation.gorunurbekleXpath'"}
{"logLevel":"debug","message":"Found {} xpath'li element gorunur olana kadar bekle in current project scope."}
{"logLevel":"debug","message":"Comparing 'org.example.StepImplementation.clickXpath' and 'org.example.StepImplementation.clickXpath'"}
{"logLevel":"debug","message":"Found {} xpath'li elemente tikla in current project scope."}
{"logLevel":"debug","message":"Comparing 'org.example.StepImplementation.clickRandomByxpath' and 'org.example.StepImplementation.clickRandomByxpath'"}
{"logLevel":"debug","message":"Found {} li elementi al,bugun veya bugunden sonraki 7 gunden birine tikla in current project scope."}
{"logLevel":"debug","message":"Comparing 'org.example.StepImplementation.chooseRandomProduct' and 'org.example.StepImplementation.chooseRandomProduct'"}
{"logLevel":"debug","message":"Found {} li elementi rasgele sec in current project scope."}
{"logLevel":"debug","message":"Comparing 'org.example.StepImplementation.gorunurbekle' and 'org.example.StepImplementation.gorunurbekle'"}
{"logLevel":"debug","message":"Found {} li element gorunur olana kadar bekle in current project scope."}
{"logLevel":"debug","message":"Comparing 'org.example.StepImplementation.textControl' and 'org.example.StepImplementation.textControl'"}
{"logLevel":"debug","message":"Found {} id'li element {} text değerini içerdiğini kontrol et in current project scope."}
{"logLevel":"debug","message":"Comparing 'org.example.StepImplementation.checkElement' and 'org.example.StepImplementation.checkElement'"}
{"logLevel":"debug","message":"Found {} li elementin oldugu kontrol edilir in current project scope."}
{"logLevel":"debug","message":"Scanning packages for hooks"}
{"logLevel":"debug","message":"Scanned steps (using static parsing + reflections): "}
{"logLevel":"debug","message":"\t{} id'li elementin text degeri bir dizine at : public void getTextListId(String key)"}
{"logLevel":"debug","message":"\tstring listenin iki elementinin esit oldugunu kontrol et : public void compareList()"}
{"logLevel":"debug","message":"\t{} li elementi rasgele sec : public void chooseRandomProduct(String key)"}
{"logLevel":"debug","message":"\t{} li element gorunur olana kadar bekle : public void gorunurbekle(String id)"}
{"logLevel":"debug","message":"\t{} xpath'li elemente tikla : public void clickXpath(String element)"}
{"logLevel":"debug","message":"\t{} li elementi al,bugun veya bugunden sonraki 7 gunden birine tikla : public void clickRandomByxpath(String xpath)"}
{"logLevel":"debug","message":"\t{} id'li element varsa tikla : public void clickAcceptbutton(String element) throws InterruptedException"}
{"logLevel":"debug","message":"\t{} xpath'li element gorunur olana kadar bekle : public void gorunurbekleXpath(String xpath)"}
{"logLevel":"debug","message":"\t{} li elementi bulana kadar swipe et : public void findByKeyWithSwipe(String key)"}
{"logLevel":"debug","message":"\t{} id'li element {} text değerini içerdiğini kontrol et : public void textControl(String key, String keyword)"}
{"logLevel":"debug","message":"\t{} li elementin oldugu kontrol edilir : public void checkElement(String element)"}
{"logLevel":"debug","message":"\t{} id'li elemente tikla : public void click(String element)"}
{"logLevel":"debug","message":"\t{} saniye kadar bekle : public void waitForsecond(ınt second) throws InterruptedException"}
{"logLevel":"debug","message":"\t{} id'li elemente {} text degerini gonder : public void sendKeys(String id, String text)"}
{"logLevel":"debug","message":"\t{} elementin text degeri bir dizine at : public void getTextList(String key)"}
{"logLevel":"debug","message":"Killing Java runner..."}
{"logLevel":"debug","message":"Stopping execution pool..."}
{"logLevel":"debug","message":"Shutting down grpc server..."}
{"logLevel":"debug","message":"Runner killed gracefully."}
